<?xml version="1.0" encoding="UTF-8"?>
<!-- Generated by org.testng.reporters.JUnitXMLReporter -->
<testsuite ignored="2" hostname="DESKTOP-IFREV8G" failures="6" tests="6" name="PositiveNegativeTests" time="1.194" errors="0" timestamp="2025-06-29T20:49:43 IST">
  <testcase classname="testcases.LoginPageTest" name="Verify_userLoginSuccess" time="0.021">
    <failure type="java.lang.NullPointerException" message="Cannot invoke &amp;quot;pages.LoginPage.userLogin(String, String)&amp;quot; because &amp;quot;this.lp&amp;quot; is null">
      <![CDATA[java.lang.NullPointerException: Cannot invoke "pages.LoginPage.userLogin(String, String)" because "this.lp" is null
at testcases.LoginPageTest.Verify_userLoginSuccess(LoginPageTest.java:58)
at java.base/java.util.ArrayList.forEach(ArrayList.java:1604)
... Removed 25 stack frames]]>
    </failure>
  </testcase> <!-- Verify_userLoginSuccess -->
  <testcase classname="testcases.LoginPageTest" name="Verify_loginWithCorrectUsernameIncorrectPassword" time="0.002">
    <failure type="java.lang.NullPointerException" message="Cannot invoke &amp;quot;pages.LoginPage.userLogin(String, String)&amp;quot; because &amp;quot;this.lp&amp;quot; is null">
      <![CDATA[java.lang.NullPointerException: Cannot invoke "pages.LoginPage.userLogin(String, String)" because "this.lp" is null
at testcases.LoginPageTest.Verify_loginWithCorrectUsernameIncorrectPassword(LoginPageTest.java:68)
at java.base/java.util.ArrayList.forEach(ArrayList.java:1604)
... Removed 25 stack frames]]>
    </failure>
  </testcase> <!-- Verify_loginWithCorrectUsernameIncorrectPassword -->
  <testcase classname="testcases.LoginPageTest" name="Verify_loginWithIncorrectUsernameCorrectPassword" time="0.003">
    <failure type="java.lang.NullPointerException" message="Cannot invoke &amp;quot;pages.LoginPage.userLogin(String, String)&amp;quot; because &amp;quot;this.lp&amp;quot; is null">
      <![CDATA[java.lang.NullPointerException: Cannot invoke "pages.LoginPage.userLogin(String, String)" because "this.lp" is null
at testcases.LoginPageTest.Verify_loginWithIncorrectUsernameCorrectPassword(LoginPageTest.java:76)
at java.base/java.util.ArrayList.forEach(ArrayList.java:1604)
... Removed 25 stack frames]]>
    </failure>
  </testcase> <!-- Verify_loginWithIncorrectUsernameCorrectPassword -->
  <testcase classname="testcases.LoginPageTest" name="Verify_loginWithEmptyUsername" time="0.002">
    <failure type="java.lang.NullPointerException" message="Cannot invoke &amp;quot;pages.LoginPage.userLogin(String, String)&amp;quot; because &amp;quot;this.lp&amp;quot; is null">
      <![CDATA[java.lang.NullPointerException: Cannot invoke "pages.LoginPage.userLogin(String, String)" because "this.lp" is null
at testcases.LoginPageTest.Verify_loginWithEmptyUsername(LoginPageTest.java:84)
at java.base/java.util.ArrayList.forEach(ArrayList.java:1604)
... Removed 25 stack frames]]>
    </failure>
  </testcase> <!-- Verify_loginWithEmptyUsername -->
  <testcase classname="testcases.LoginPageTest" name="Verify_loginWithEmptyPassword" time="0.002">
    <failure type="java.lang.NullPointerException" message="Cannot invoke &amp;quot;pages.LoginPage.userLogin(String, String)&amp;quot; because &amp;quot;this.lp&amp;quot; is null">
      <![CDATA[java.lang.NullPointerException: Cannot invoke "pages.LoginPage.userLogin(String, String)" because "this.lp" is null
at testcases.LoginPageTest.Verify_loginWithEmptyPassword(LoginPageTest.java:92)
at java.base/java.util.ArrayList.forEach(ArrayList.java:1604)
... Removed 25 stack frames]]>
    </failure>
  </testcase> <!-- Verify_loginWithEmptyPassword -->
  <testcase classname="testcases.LoginPageTest" name="Verify_loginWithEmptyUsernameAndPassword" time="0.001">
    <failure type="java.lang.NullPointerException" message="Cannot invoke &amp;quot;pages.LoginPage.userLogin(String, String)&amp;quot; because &amp;quot;this.lp&amp;quot; is null">
      <![CDATA[java.lang.NullPointerException: Cannot invoke "pages.LoginPage.userLogin(String, String)" because "this.lp" is null
at testcases.LoginPageTest.Verify_loginWithEmptyUsernameAndPassword(LoginPageTest.java:100)
at java.base/java.util.ArrayList.forEach(ArrayList.java:1604)
... Removed 25 stack frames]]>
    </failure>
  </testcase> <!-- Verify_loginWithEmptyUsernameAndPassword -->
  <testcase classname="testcases.LoginPageTest" name="Verify_pageTitle" time="0.0">
    <ignored/>
  </testcase> <!-- Verify_pageTitle -->
  <testcase classname="testcases.LoginPageTest" name="Verify_pageUrl" time="0.0">
    <ignored/>
  </testcase> <!-- Verify_pageUrl -->
</testsuite> <!-- PositiveNegativeTests -->
