<?xml version="1.0" encoding="UTF-8"?>
<!-- Generated by org.testng.reporters.JUnitXMLReporter -->
<testsuite ignored="5" hostname="DESKTOP-IFREV8G" failures="0" tests="1" name="Default test" time="54.09" errors="0" timestamp="2025-07-05T20:31:00 IST">
  <testcase classname="testcases.InventoryPageTest" name="verify_AddToCartAndRemove" time="50.227"/>
  <testcase classname="testcases.InventoryPageTest" name="verify_SortingByNameAZ" time="0.0">
    <ignored/>
  </testcase> <!-- verify_SortingByNameAZ -->
  <testcase classname="testcases.InventoryPageTest" name="verify_SortingByNameZA" time="0.0">
    <ignored/>
  </testcase> <!-- verify_SortingByNameZA -->
  <testcase classname="testcases.InventoryPageTest" name="verify_SortingByPriceHighToLow" time="0.0">
    <ignored/>
  </testcase> <!-- verify_SortingByPriceHighToLow -->
  <testcase classname="testcases.InventoryPageTest" name="verify_SortingByPriceLowToHigh" time="0.0">
    <ignored/>
  </testcase> <!-- verify_SortingByPriceLowToHigh -->
  <testcase classname="testcases.InventoryPageTest" name="verify_TitleAndUrl" time="0.0">
    <ignored/>
  </testcase> <!-- verify_TitleAndUrl -->
</testsuite> <!-- Default test -->
