<?xml version="1.0" encoding="UTF-8"?>
<!-- Generated by org.testng.reporters.JUnitXMLReporter -->
<testsuite ignored="3" hostname="DESKTOP-IFREV8G" failures="5" tests="5" name="Negative Tests" time="0.048" errors="0" timestamp="2025-06-29T19:06:40 IST">
  <testcase classname="testcases.LoginPageTest" name="Verify_loginWithCorrectUsernameIncorrectPassword" time="0.003">
    <failure type="java.lang.NullPointerException" message="Cannot invoke &amp;quot;pages.LoginPage.userLogin(String, String)&amp;quot; because &amp;quot;this.lp&amp;quot; is null">
      <![CDATA[java.lang.NullPointerException: Cannot invoke "pages.LoginPage.userLogin(String, String)" because "this.lp" is null
at testcases.LoginPageTest.Verify_loginWithCorrectUsernameIncorrectPassword(LoginPageTest.java:66)
at java.base/java.util.ArrayList.forEach(ArrayList.java:1604)
... Removed 25 stack frames]]>
    </failure>
  </testcase> <!-- Verify_loginWithCorrectUsernameIncorrectPassword -->
  <testcase classname="testcases.LoginPageTest" name="Verify_loginWithIncorrectUsernameCorrectPassword" time="0.002">
    <failure type="java.lang.NullPointerException" message="Cannot invoke &amp;quot;pages.LoginPage.userLogin(String, String)&amp;quot; because &amp;quot;this.lp&amp;quot; is null">
      <![CDATA[java.lang.NullPointerException: Cannot invoke "pages.LoginPage.userLogin(String, String)" because "this.lp" is null
at testcases.LoginPageTest.Verify_loginWithIncorrectUsernameCorrectPassword(LoginPageTest.java:74)
at java.base/java.util.ArrayList.forEach(ArrayList.java:1604)
... Removed 25 stack frames]]>
    </failure>
  </testcase> <!-- Verify_loginWithIncorrectUsernameCorrectPassword -->
  <testcase classname="testcases.LoginPageTest" name="Verify_loginWithEmptyUsername" time="0.003">
    <failure type="java.lang.NullPointerException" message="Cannot invoke &amp;quot;pages.LoginPage.userLogin(String, String)&amp;quot; because &amp;quot;this.lp&amp;quot; is null">
      <![CDATA[java.lang.NullPointerException: Cannot invoke "pages.LoginPage.userLogin(String, String)" because "this.lp" is null
at testcases.LoginPageTest.Verify_loginWithEmptyUsername(LoginPageTest.java:82)
at java.base/java.util.ArrayList.forEach(ArrayList.java:1604)
... Removed 25 stack frames]]>
    </failure>
  </testcase> <!-- Verify_loginWithEmptyUsername -->
  <testcase classname="testcases.LoginPageTest" name="Verify_loginWithEmptyPassword" time="0.003">
    <failure type="java.lang.NullPointerException" message="Cannot invoke &amp;quot;pages.LoginPage.userLogin(String, String)&amp;quot; because &amp;quot;this.lp&amp;quot; is null">
      <![CDATA[java.lang.NullPointerException: Cannot invoke "pages.LoginPage.userLogin(String, String)" because "this.lp" is null
at testcases.LoginPageTest.Verify_loginWithEmptyPassword(LoginPageTest.java:90)
at java.base/java.util.ArrayList.forEach(ArrayList.java:1604)
... Removed 25 stack frames]]>
    </failure>
  </testcase> <!-- Verify_loginWithEmptyPassword -->
  <testcase classname="testcases.LoginPageTest" name="Verify_loginWithEmptyUsernameAndPassword" time="0.002">
    <failure type="java.lang.NullPointerException" message="Cannot invoke &amp;quot;pages.LoginPage.userLogin(String, String)&amp;quot; because &amp;quot;this.lp&amp;quot; is null">
      <![CDATA[java.lang.NullPointerException: Cannot invoke "pages.LoginPage.userLogin(String, String)" because "this.lp" is null
at testcases.LoginPageTest.Verify_loginWithEmptyUsernameAndPassword(LoginPageTest.java:98)
at java.base/java.util.ArrayList.forEach(ArrayList.java:1604)
... Removed 25 stack frames]]>
    </failure>
  </testcase> <!-- Verify_loginWithEmptyUsernameAndPassword -->
  <testcase classname="testcases.LoginPageTest" name="Verify_pageUrl" time="0.0">
    <ignored/>
  </testcase> <!-- Verify_pageUrl -->
  <testcase classname="testcases.LoginPageTest" name="Verify_pageTitle" time="0.0">
    <ignored/>
  </testcase> <!-- Verify_pageTitle -->
  <testcase classname="testcases.LoginPageTest" name="Verify_userLoginSuccess" time="0.0">
    <ignored/>
  </testcase> <!-- Verify_userLoginSuccess -->
</testsuite> <!-- Negative Tests -->
