<?xml version="1.0" encoding="UTF-8"?>
<!-- Generated by org.testng.reporters.JUnitXMLReporter -->
<testsuite ignored="0" hostname="DESKTOP-IFREV8G" failures="0" tests="13" name="Test" time="40.876" errors="0" timestamp="2025-07-06T21:36:51 IST">
  <testcase classname="testcases.InventoryPageTest" name="verify_SortingByNameAZ" time="0.18"/>
  <testcase classname="testcases.InventoryPageTest" name="verify_SortingByNameZA" time="0.21"/>
  <testcase classname="testcases.InventoryPageTest" name="verify_SortingByPriceHighToLow" time="0.209"/>
  <testcase classname="testcases.InventoryPageTest" name="verify_SortingByPriceLowToHigh" time="0.206"/>
  <testcase classname="testcases.InventoryPageTest" name="verify_TitleAndUrl" time="0.025"/>
  <testcase classname="testcases.LoginPageTest" name="Verify_pageTitle" time="1.262"/>
  <testcase classname="testcases.LoginPageTest" name="Verify_pageUrl" time="0.938"/>
  <testcase classname="testcases.LoginPageTest" name="Verify_userLoginSuccess" time="2.807"/>
  <testcase classname="testcases.LoginPageTest" name="Verify_loginWithCorrectUsernameIncorrectPassword" time="0.301"/>
  <testcase classname="testcases.LoginPageTest" name="Verify_loginWithIncorrectUsernameCorrectPassword" time="0.32"/>
  <testcase classname="testcases.LoginPageTest" name="Verify_loginWithEmptyUsername" time="0.26"/>
  <testcase classname="testcases.LoginPageTest" name="Verify_loginWithEmptyPassword" time="0.271"/>
  <testcase classname="testcases.LoginPageTest" name="Verify_loginWithEmptyUsernameAndPassword" time="0.317"/>
</testsuite> <!-- Test -->
