<?xml version="1.0" encoding="UTF-8"?>
<!-- Generated by org.testng.reporters.JUnitXMLReporter -->
<testsuite ignored="0" hostname="DESKTOP-IFREV8G" failures="0" tests="13" name="Test" time="36.572" errors="0" timestamp="2025-07-06T11:57:14 IST">
  <testcase classname="testcases.InventoryPageTest" name="verify_SortingByNameAZ" time="0.163"/>
  <testcase classname="testcases.InventoryPageTest" name="verify_SortingByNameZA" time="0.198"/>
  <testcase classname="testcases.InventoryPageTest" name="verify_SortingByPriceHighToLow" time="0.232"/>
  <testcase classname="testcases.InventoryPageTest" name="verify_SortingByPriceLowToHigh" time="0.215"/>
  <testcase classname="testcases.InventoryPageTest" name="verify_TitleAndUrl" time="0.013"/>
  <testcase classname="testcases.LoginPageTest" name="Verify_pageTitle" time="1.168"/>
  <testcase classname="testcases.LoginPageTest" name="Verify_pageUrl" time="1.003"/>
  <testcase classname="testcases.LoginPageTest" name="Verify_userLoginSuccess" time="0.971"/>
  <testcase classname="testcases.LoginPageTest" name="Verify_loginWithCorrectUsernameIncorrectPassword" time="0.338"/>
  <testcase classname="testcases.LoginPageTest" name="Verify_loginWithIncorrectUsernameCorrectPassword" time="0.223"/>
  <testcase classname="testcases.LoginPageTest" name="Verify_loginWithEmptyUsername" time="0.228"/>
  <testcase classname="testcases.LoginPageTest" name="Verify_loginWithEmptyPassword" time="0.222"/>
  <testcase classname="testcases.LoginPageTest" name="Verify_loginWithEmptyUsernameAndPassword" time="0.199"/>
</testsuite> <!-- Test -->
