<?xml version="1.0" encoding="UTF-8"?>
<!-- Generated by org.testng.reporters.JUnitXMLReporter -->
<testsuite ignored="8" hostname="DESKTOP-IFREV8G" failures="0" tests="6" name="Sanity Tests" time="24.208" errors="0" timestamp="2025-07-05T20:12:44 IST">
  <testcase classname="testcases.LoginPageTest" name="Verify_userLoginSuccess" time="1.259"/>
  <testcase classname="testcases.LoginPageTest" name="Verify_pageUrl" time="1.002"/>
  <testcase classname="testcases.LoginPageTest" name="Verify_pageTitle" time="0.945"/>
  <testcase classname="testcases.InventoryPageTest" name="verify_SortingByNameAZ" time="0.184"/>
  <testcase classname="testcases.InventoryPageTest" name="verify_SortingByNameZA" time="0.225"/>
  <testcase classname="testcases.InventoryPageTest" name="verify_TitleAndUrl" time="0.017"/>
  <testcase classname="testcases.LoginPageTest" name="Verify_loginWithIncorrectUsernameCorrectPassword" time="0.0">
    <ignored/>
  </testcase> <!-- Verify_loginWithIncorrectUsernameCorrectPassword -->
  <testcase classname="testcases.InventoryPageTest" name="verify_SortingByPriceLowToHigh" time="0.0">
    <ignored/>
  </testcase> <!-- verify_SortingByPriceLowToHigh -->
  <testcase classname="testcases.InventoryPageTest" name="verify_AddToCartAndRemove" time="0.0">
    <ignored/>
  </testcase> <!-- verify_AddToCartAndRemove -->
  <testcase classname="testcases.LoginPageTest" name="Verify_loginWithEmptyPassword" time="0.0">
    <ignored/>
  </testcase> <!-- Verify_loginWithEmptyPassword -->
  <testcase classname="testcases.LoginPageTest" name="Verify_loginWithEmptyUsername" time="0.0">
    <ignored/>
  </testcase> <!-- Verify_loginWithEmptyUsername -->
  <testcase classname="testcases.InventoryPageTest" name="verify_SortingByPriceHighToLow" time="0.0">
    <ignored/>
  </testcase> <!-- verify_SortingByPriceHighToLow -->
  <testcase classname="testcases.LoginPageTest" name="Verify_loginWithEmptyUsernameAndPassword" time="0.0">
    <ignored/>
  </testcase> <!-- Verify_loginWithEmptyUsernameAndPassword -->
  <testcase classname="testcases.LoginPageTest" name="Verify_loginWithCorrectUsernameIncorrectPassword" time="0.0">
    <ignored/>
  </testcase> <!-- Verify_loginWithCorrectUsernameIncorrectPassword -->
</testsuite> <!-- Sanity Tests -->
