<?xml version="1.0" encoding="UTF-8"?>
<!-- Generated by org.testng.reporters.JUnitXMLReporter -->
<testsuite ignored="7" hostname="DESKTOP-IFREV8G" failures="1" tests="1" name="Positive Tests" time="1.181" errors="0" timestamp="2025-06-29T20:21:14 IST">
  <testcase classname="testcases.LoginPageTest" name="Verify_userLoginSuccess" time="0.019">
    <failure type="java.lang.NullPointerException" message="Cannot invoke &amp;quot;pages.LoginPage.userLogin(String, String)&amp;quot; because &amp;quot;this.lp&amp;quot; is null">
      <![CDATA[java.lang.NullPointerException: Cannot invoke "pages.LoginPage.userLogin(String, String)" because "this.lp" is null
at testcases.LoginPageTest.Verify_userLoginSuccess(LoginPageTest.java:56)
at java.base/java.util.ArrayList.forEach(ArrayList.java:1604)
... Removed 25 stack frames]]>
    </failure>
  </testcase> <!-- Verify_userLoginSuccess -->
  <testcase classname="testcases.LoginPageTest" name="Verify_loginWithIncorrectUsernameCorrectPassword" time="0.0">
    <ignored/>
  </testcase> <!-- Verify_loginWithIncorrectUsernameCorrectPassword -->
  <testcase classname="testcases.LoginPageTest" name="Verify_loginWithCorrectUsernameIncorrectPassword" time="0.0">
    <ignored/>
  </testcase> <!-- Verify_loginWithCorrectUsernameIncorrectPassword -->
  <testcase classname="testcases.LoginPageTest" name="Verify_pageUrl" time="0.0">
    <ignored/>
  </testcase> <!-- Verify_pageUrl -->
  <testcase classname="testcases.LoginPageTest" name="Verify_loginWithEmptyPassword" time="0.0">
    <ignored/>
  </testcase> <!-- Verify_loginWithEmptyPassword -->
  <testcase classname="testcases.LoginPageTest" name="Verify_pageTitle" time="0.0">
    <ignored/>
  </testcase> <!-- Verify_pageTitle -->
  <testcase classname="testcases.LoginPageTest" name="Verify_loginWithEmptyUsernameAndPassword" time="0.0">
    <ignored/>
  </testcase> <!-- Verify_loginWithEmptyUsernameAndPassword -->
  <testcase classname="testcases.LoginPageTest" name="Verify_loginWithEmptyUsername" time="0.0">
    <ignored/>
  </testcase> <!-- Verify_loginWithEmptyUsername -->
</testsuite> <!-- Positive Tests -->
