<?xml version="1.0" encoding="UTF-8"?>
<!-- Generated by org.testng.reporters.JUnitXMLReporter -->
<testsuite ignored="4" hostname="DESKTOP-IFREV8G" failures="0" tests="1" name="Default test" time="8.98" errors="0" timestamp="2025-07-06T21:34:31 IST">
  <testcase classname="testcases.InventoryPageTest" name="verify_SortingByPriceHighToLow" time="0.429"/>
  <testcase classname="testcases.InventoryPageTest" name="verify_SortingByNameAZ" time="0.0">
    <ignored/>
  </testcase> <!-- verify_SortingByNameAZ -->
  <testcase classname="testcases.InventoryPageTest" name="verify_SortingByNameZA" time="0.0">
    <ignored/>
  </testcase> <!-- verify_SortingByNameZA -->
  <testcase classname="testcases.InventoryPageTest" name="verify_SortingByPriceLowToHigh" time="0.0">
    <ignored/>
  </testcase> <!-- verify_SortingByPriceLowToHigh -->
  <testcase classname="testcases.InventoryPageTest" name="verify_TitleAndUrl" time="0.0">
    <ignored/>
  </testcase> <!-- verify_TitleAndUrl -->
</testsuite> <!-- Default test -->
