<?xml version="1.0" encoding="UTF-8"?>
<testng-results ignored="0" total="13" passed="13" failed="0" skipped="0">
  <reporter-output>
  </reporter-output>
  <suite started-at="2025-07-06T21:36:10 IST" name="Suite" finished-at="2025-07-06T21:36:51 IST" duration-ms="40876">
    <groups>
      <group name="negative">
        <method signature="LoginPageTest.Verify_loginWithCorrectUsernameIncorrectPassword()[pri:1, instance:testcases.LoginPageTest@35d019a3]" name="Verify_loginWithCorrectUsernameIncorrectPassword" class="testcases.LoginPageTest"/>
        <method signature="LoginPageTest.Verify_loginWithIncorrectUsernameCorrectPassword()[pri:2, instance:testcases.LoginPageTest@35d019a3]" name="Verify_loginWithIncorrectUsernameCorrectPassword" class="testcases.LoginPageTest"/>
        <method signature="LoginPageTest.Verify_loginWithEmptyUsername()[pri:3, instance:testcases.LoginPageTest@35d019a3]" name="Verify_loginWithEmptyUsername" class="testcases.LoginPageTest"/>
        <method signature="LoginPageTest.Verify_loginWithEmptyPassword()[pri:4, instance:testcases.LoginPageTest@35d019a3]" name="Verify_loginWithEmptyPassword" class="testcases.LoginPageTest"/>
        <method signature="LoginPageTest.Verify_loginWithEmptyUsernameAndPassword()[pri:5, instance:testcases.LoginPageTest@35d019a3]" name="Verify_loginWithEmptyUsernameAndPassword" class="testcases.LoginPageTest"/>
      </group> <!-- negative -->
      <group name="sanity">
        <method signature="InventoryPageTest.verify_SortingByNameAZ()[pri:0, instance:testcases.InventoryPageTest@16d04d3d]" name="verify_SortingByNameAZ" class="testcases.InventoryPageTest"/>
        <method signature="InventoryPageTest.verify_SortingByNameZA()[pri:0, instance:testcases.InventoryPageTest@16d04d3d]" name="verify_SortingByNameZA" class="testcases.InventoryPageTest"/>
        <method signature="InventoryPageTest.verify_TitleAndUrl()[pri:0, instance:testcases.InventoryPageTest@16d04d3d]" name="verify_TitleAndUrl" class="testcases.InventoryPageTest"/>
        <method signature="LoginPageTest.Verify_pageTitle()[pri:0, instance:testcases.LoginPageTest@35d019a3]" name="Verify_pageTitle" class="testcases.LoginPageTest"/>
        <method signature="LoginPageTest.Verify_pageUrl()[pri:0, instance:testcases.LoginPageTest@35d019a3]" name="Verify_pageUrl" class="testcases.LoginPageTest"/>
        <method signature="LoginPageTest.Verify_userLoginSuccess(java.lang.String,java.lang.String)[pri:0, instance:testcases.LoginPageTest@35d019a3]" name="Verify_userLoginSuccess" class="testcases.LoginPageTest"/>
      </group> <!-- sanity -->
      <group name="positive">
        <method signature="LoginPageTest.Verify_userLoginSuccess(java.lang.String,java.lang.String)[pri:0, instance:testcases.LoginPageTest@35d019a3]" name="Verify_userLoginSuccess" class="testcases.LoginPageTest"/>
      </group> <!-- positive -->
    </groups>
    <test started-at="2025-07-06T21:36:10 IST" name="Test" finished-at="2025-07-06T21:36:51 IST" duration-ms="40876">
      <class name="testcases.InventoryPageTest">
        <test-method is-config="true" signature="setUp()[pri:0, instance:testcases.InventoryPageTest@16d04d3d]" started-at="2025-07-06T21:36:10 IST" name="setUp" finished-at="2025-07-06T21:36:14 IST" duration-ms="4049" status="PASS">
          <reporter-output>
          </reporter-output>
        </test-method> <!-- setUp -->
        <test-method signature="verify_SortingByNameAZ()[pri:0, instance:testcases.InventoryPageTest@16d04d3d]" started-at="2025-07-06T21:36:14 IST" name="verify_SortingByNameAZ" finished-at="2025-07-06T21:36:15 IST" duration-ms="180" status="PASS">
          <reporter-output>
          </reporter-output>
        </test-method> <!-- verify_SortingByNameAZ -->
        <test-method is-config="true" signature="tearDown()[pri:0, instance:testcases.InventoryPageTest@16d04d3d]" started-at="2025-07-06T21:36:15 IST" name="tearDown" finished-at="2025-07-06T21:36:15 IST" duration-ms="246" status="PASS">
          <reporter-output>
          </reporter-output>
        </test-method> <!-- tearDown -->
        <test-method is-config="true" signature="setUp()[pri:0, instance:testcases.InventoryPageTest@16d04d3d]" started-at="2025-07-06T21:36:15 IST" name="setUp" finished-at="2025-07-06T21:36:18 IST" duration-ms="2928" status="PASS">
          <reporter-output>
          </reporter-output>
        </test-method> <!-- setUp -->
        <test-method signature="verify_SortingByNameZA()[pri:0, instance:testcases.InventoryPageTest@16d04d3d]" started-at="2025-07-06T21:36:18 IST" name="verify_SortingByNameZA" finished-at="2025-07-06T21:36:18 IST" duration-ms="210" status="PASS">
          <reporter-output>
          </reporter-output>
        </test-method> <!-- verify_SortingByNameZA -->
        <test-method is-config="true" signature="tearDown()[pri:0, instance:testcases.InventoryPageTest@16d04d3d]" started-at="2025-07-06T21:36:18 IST" name="tearDown" finished-at="2025-07-06T21:36:18 IST" duration-ms="186" status="PASS">
          <reporter-output>
          </reporter-output>
        </test-method> <!-- tearDown -->
        <test-method is-config="true" signature="setUp()[pri:0, instance:testcases.InventoryPageTest@16d04d3d]" started-at="2025-07-06T21:36:18 IST" name="setUp" finished-at="2025-07-06T21:36:20 IST" duration-ms="1983" status="PASS">
          <reporter-output>
          </reporter-output>
        </test-method> <!-- setUp -->
        <test-method signature="verify_SortingByPriceHighToLow()[pri:0, instance:testcases.InventoryPageTest@16d04d3d]" started-at="2025-07-06T21:36:20 IST" name="verify_SortingByPriceHighToLow" finished-at="2025-07-06T21:36:20 IST" duration-ms="209" status="PASS">
          <reporter-output>
          </reporter-output>
        </test-method> <!-- verify_SortingByPriceHighToLow -->
        <test-method is-config="true" signature="tearDown()[pri:0, instance:testcases.InventoryPageTest@16d04d3d]" started-at="2025-07-06T21:36:20 IST" name="tearDown" finished-at="2025-07-06T21:36:21 IST" duration-ms="256" status="PASS">
          <reporter-output>
          </reporter-output>
        </test-method> <!-- tearDown -->
        <test-method is-config="true" signature="setUp()[pri:0, instance:testcases.InventoryPageTest@16d04d3d]" started-at="2025-07-06T21:36:21 IST" name="setUp" finished-at="2025-07-06T21:36:23 IST" duration-ms="2412" status="PASS">
          <reporter-output>
          </reporter-output>
        </test-method> <!-- setUp -->
        <test-method signature="verify_SortingByPriceLowToHigh()[pri:0, instance:testcases.InventoryPageTest@16d04d3d]" started-at="2025-07-06T21:36:23 IST" name="verify_SortingByPriceLowToHigh" finished-at="2025-07-06T21:36:23 IST" duration-ms="206" status="PASS">
          <reporter-output>
          </reporter-output>
        </test-method> <!-- verify_SortingByPriceLowToHigh -->
        <test-method is-config="true" signature="tearDown()[pri:0, instance:testcases.InventoryPageTest@16d04d3d]" started-at="2025-07-06T21:36:23 IST" name="tearDown" finished-at="2025-07-06T21:36:23 IST" duration-ms="200" status="PASS">
          <reporter-output>
          </reporter-output>
        </test-method> <!-- tearDown -->
        <test-method is-config="true" signature="setUp()[pri:0, instance:testcases.InventoryPageTest@16d04d3d]" started-at="2025-07-06T21:36:23 IST" name="setUp" finished-at="2025-07-06T21:36:26 IST" duration-ms="2862" status="PASS">
          <reporter-output>
          </reporter-output>
        </test-method> <!-- setUp -->
        <test-method signature="verify_TitleAndUrl()[pri:0, instance:testcases.InventoryPageTest@16d04d3d]" started-at="2025-07-06T21:36:26 IST" name="verify_TitleAndUrl" finished-at="2025-07-06T21:36:26 IST" duration-ms="25" status="PASS">
          <reporter-output>
          </reporter-output>
        </test-method> <!-- verify_TitleAndUrl -->
        <test-method is-config="true" signature="tearDown()[pri:0, instance:testcases.InventoryPageTest@16d04d3d]" started-at="2025-07-06T21:36:26 IST" name="tearDown" finished-at="2025-07-06T21:36:26 IST" duration-ms="169" status="PASS">
          <reporter-output>
          </reporter-output>
        </test-method> <!-- tearDown -->
      </class> <!-- testcases.InventoryPageTest -->
      <class name="testcases.LoginPageTest">
        <test-method is-config="true" signature="setUp()[pri:0, instance:testcases.LoginPageTest@35d019a3]" started-at="2025-07-06T21:36:26 IST" name="setUp" finished-at="2025-07-06T21:36:29 IST" duration-ms="2294" status="PASS">
          <reporter-output>
          </reporter-output>
        </test-method> <!-- setUp -->
        <test-method signature="Verify_pageTitle()[pri:0, instance:testcases.LoginPageTest@35d019a3]" started-at="2025-07-06T21:36:29 IST" name="Verify_pageTitle" finished-at="2025-07-06T21:36:30 IST" duration-ms="1262" status="PASS">
          <reporter-output>
          </reporter-output>
        </test-method> <!-- Verify_pageTitle -->
        <test-method is-config="true" signature="tearDown()[pri:0, instance:testcases.LoginPageTest@35d019a3]" started-at="2025-07-06T21:36:30 IST" name="tearDown" finished-at="2025-07-06T21:36:30 IST" duration-ms="318" status="PASS">
          <reporter-output>
          </reporter-output>
        </test-method> <!-- tearDown -->
        <test-method is-config="true" signature="setUp()[pri:0, instance:testcases.LoginPageTest@35d019a3]" started-at="2025-07-06T21:36:30 IST" name="setUp" finished-at="2025-07-06T21:36:33 IST" duration-ms="2434" status="PASS">
          <reporter-output>
          </reporter-output>
        </test-method> <!-- setUp -->
        <test-method signature="Verify_pageUrl()[pri:0, instance:testcases.LoginPageTest@35d019a3]" started-at="2025-07-06T21:36:33 IST" name="Verify_pageUrl" finished-at="2025-07-06T21:36:34 IST" duration-ms="938" status="PASS">
          <reporter-output>
          </reporter-output>
        </test-method> <!-- Verify_pageUrl -->
        <test-method is-config="true" signature="tearDown()[pri:0, instance:testcases.LoginPageTest@35d019a3]" started-at="2025-07-06T21:36:34 IST" name="tearDown" finished-at="2025-07-06T21:36:34 IST" duration-ms="231" status="PASS">
          <reporter-output>
          </reporter-output>
        </test-method> <!-- tearDown -->
        <test-method is-config="true" signature="setUp()[pri:0, instance:testcases.LoginPageTest@35d019a3]" started-at="2025-07-06T21:36:35 IST" name="setUp" finished-at="2025-07-06T21:36:38 IST" duration-ms="2781" status="PASS">
          <reporter-output>
          </reporter-output>
        </test-method> <!-- setUp -->
        <test-method signature="Verify_userLoginSuccess(java.lang.String,java.lang.String)[pri:0, instance:testcases.LoginPageTest@35d019a3]" started-at="2025-07-06T21:36:38 IST" name="Verify_userLoginSuccess" data-provider="loginData" finished-at="2025-07-06T21:36:41 IST" duration-ms="2807" status="PASS">
          <params>
            <param index="0">
              <value>
                <![CDATA[standard_user]]>
              </value>
            </param>
            <param index="1">
              <value>
                <![CDATA[secret_sauce]]>
              </value>
            </param>
          </params>
          <reporter-output>
          </reporter-output>
        </test-method> <!-- Verify_userLoginSuccess -->
        <test-method is-config="true" signature="tearDown()[pri:0, instance:testcases.LoginPageTest@35d019a3]" started-at="2025-07-06T21:36:41 IST" name="tearDown" finished-at="2025-07-06T21:36:41 IST" duration-ms="250" status="PASS">
          <reporter-output>
          </reporter-output>
        </test-method> <!-- tearDown -->
        <test-method is-config="true" signature="setUp()[pri:0, instance:testcases.LoginPageTest@35d019a3]" started-at="2025-07-06T21:36:41 IST" name="setUp" finished-at="2025-07-06T21:36:43 IST" duration-ms="1340" status="PASS">
          <reporter-output>
          </reporter-output>
        </test-method> <!-- setUp -->
        <test-method signature="Verify_loginWithCorrectUsernameIncorrectPassword()[pri:1, instance:testcases.LoginPageTest@35d019a3]" started-at="2025-07-06T21:36:43 IST" name="Verify_loginWithCorrectUsernameIncorrectPassword" finished-at="2025-07-06T21:36:43 IST" duration-ms="301" status="PASS">
          <reporter-output>
          </reporter-output>
        </test-method> <!-- Verify_loginWithCorrectUsernameIncorrectPassword -->
        <test-method is-config="true" signature="tearDown()[pri:0, instance:testcases.LoginPageTest@35d019a3]" started-at="2025-07-06T21:36:43 IST" name="tearDown" finished-at="2025-07-06T21:36:43 IST" duration-ms="201" status="PASS">
          <reporter-output>
          </reporter-output>
        </test-method> <!-- tearDown -->
        <test-method is-config="true" signature="setUp()[pri:0, instance:testcases.LoginPageTest@35d019a3]" started-at="2025-07-06T21:36:43 IST" name="setUp" finished-at="2025-07-06T21:36:44 IST" duration-ms="1216" status="PASS">
          <reporter-output>
          </reporter-output>
        </test-method> <!-- setUp -->
        <test-method signature="Verify_loginWithIncorrectUsernameCorrectPassword()[pri:2, instance:testcases.LoginPageTest@35d019a3]" started-at="2025-07-06T21:36:44 IST" name="Verify_loginWithIncorrectUsernameCorrectPassword" finished-at="2025-07-06T21:36:45 IST" duration-ms="320" status="PASS">
          <reporter-output>
          </reporter-output>
        </test-method> <!-- Verify_loginWithIncorrectUsernameCorrectPassword -->
        <test-method is-config="true" signature="tearDown()[pri:0, instance:testcases.LoginPageTest@35d019a3]" started-at="2025-07-06T21:36:45 IST" name="tearDown" finished-at="2025-07-06T21:36:45 IST" duration-ms="185" status="PASS">
          <reporter-output>
          </reporter-output>
        </test-method> <!-- tearDown -->
        <test-method is-config="true" signature="setUp()[pri:0, instance:testcases.LoginPageTest@35d019a3]" started-at="2025-07-06T21:36:45 IST" name="setUp" finished-at="2025-07-06T21:36:46 IST" duration-ms="1195" status="PASS">
          <reporter-output>
          </reporter-output>
        </test-method> <!-- setUp -->
        <test-method signature="Verify_loginWithEmptyUsername()[pri:3, instance:testcases.LoginPageTest@35d019a3]" started-at="2025-07-06T21:36:46 IST" name="Verify_loginWithEmptyUsername" finished-at="2025-07-06T21:36:46 IST" duration-ms="260" status="PASS">
          <reporter-output>
          </reporter-output>
        </test-method> <!-- Verify_loginWithEmptyUsername -->
        <test-method is-config="true" signature="tearDown()[pri:0, instance:testcases.LoginPageTest@35d019a3]" started-at="2025-07-06T21:36:46 IST" name="tearDown" finished-at="2025-07-06T21:36:47 IST" duration-ms="250" status="PASS">
          <reporter-output>
          </reporter-output>
        </test-method> <!-- tearDown -->
        <test-method is-config="true" signature="setUp()[pri:0, instance:testcases.LoginPageTest@35d019a3]" started-at="2025-07-06T21:36:47 IST" name="setUp" finished-at="2025-07-06T21:36:49 IST" duration-ms="2179" status="PASS">
          <reporter-output>
          </reporter-output>
        </test-method> <!-- setUp -->
        <test-method signature="Verify_loginWithEmptyPassword()[pri:4, instance:testcases.LoginPageTest@35d019a3]" started-at="2025-07-06T21:36:49 IST" name="Verify_loginWithEmptyPassword" finished-at="2025-07-06T21:36:49 IST" duration-ms="271" status="PASS">
          <reporter-output>
          </reporter-output>
        </test-method> <!-- Verify_loginWithEmptyPassword -->
        <test-method is-config="true" signature="tearDown()[pri:0, instance:testcases.LoginPageTest@35d019a3]" started-at="2025-07-06T21:36:49 IST" name="tearDown" finished-at="2025-07-06T21:36:49 IST" duration-ms="176" status="PASS">
          <reporter-output>
          </reporter-output>
        </test-method> <!-- tearDown -->
        <test-method is-config="true" signature="setUp()[pri:0, instance:testcases.LoginPageTest@35d019a3]" started-at="2025-07-06T21:36:49 IST" name="setUp" finished-at="2025-07-06T21:36:50 IST" duration-ms="1240" status="PASS">
          <reporter-output>
          </reporter-output>
        </test-method> <!-- setUp -->
        <test-method signature="Verify_loginWithEmptyUsernameAndPassword()[pri:5, instance:testcases.LoginPageTest@35d019a3]" started-at="2025-07-06T21:36:50 IST" name="Verify_loginWithEmptyUsernameAndPassword" finished-at="2025-07-06T21:36:51 IST" duration-ms="317" status="PASS">
          <reporter-output>
          </reporter-output>
        </test-method> <!-- Verify_loginWithEmptyUsernameAndPassword -->
        <test-method is-config="true" signature="tearDown()[pri:0, instance:testcases.LoginPageTest@35d019a3]" started-at="2025-07-06T21:36:51 IST" name="tearDown" finished-at="2025-07-06T21:36:51 IST" duration-ms="186" status="PASS">
          <reporter-output>
          </reporter-output>
        </test-method> <!-- tearDown -->
      </class> <!-- testcases.LoginPageTest -->
    </test> <!-- Test -->
  </suite> <!-- Suite -->
</testng-results>
